<?xml version="1.0" encoding="UTF-8"?>
<!-- Generated by org.testng.reporters.JUnitXMLReporter -->
<testsuite ignored="0" hostname="BDC14-L-115FVZ6" failures="0" tests="5" name="Default test" time="90.804" errors="0" timestamp="2023-11-23T14:39:04 IST">
  <testcase classname="com.qa.testapp.tests.LoginPageTest" name="LoginPageTitleTest" time="0.047"/>
  <testcase classname="com.qa.testapp.tests.LoginPageTest" name="LoginPageUrlTest" time="0.008"/>
  <testcase classname="com.qa.testapp.tests.LoginPageTest" name="Login" time="6.468"/>
  <testcase classname="com.qa.testapp.tests.LoginPageTest" name="navigateToYourCartTest" time="6.28"/>
  <testcase classname="com.qa.testapp.tests.LoginPageTest" name="CheckOutInfoDetailsTest" time="8.392"/>
</testsuite> <!-- Default test -->
