<?xml version="1.0" encoding="UTF-8"?>
<testng-results total="1" passed="1" failed="0" skipped="0">
  <reporter-output>
  </reporter-output>
  <suite started-at="2023-11-03T14:27:26Z" name="Default suite" finished-at="2023-11-03T14:27:57Z" duration-ms="31016">
    <groups>
    </groups>
    <test started-at="2023-11-03T14:27:26Z" name="Default test" finished-at="2023-11-03T14:27:57Z" duration-ms="31016">
      <class name="com.qa.api.tests.GETAPICall">
        <test-method is-config="true" signature="setup()[pri:0, instance:com.qa.api.tests.GETAPICall@d9345cd]" started-at="2023-11-03T19:57:26Z" name="setup" finished-at="2023-11-03T19:57:53Z" duration-ms="26819" status="PASS">
          <reporter-output>
          </reporter-output>
        </test-method> <!-- setup -->
        <test-method signature="getUsersAPITest()[pri:0, instance:com.qa.api.tests.GETAPICall@d9345cd]" started-at="2023-11-03T19:57:53Z" name="getUsersAPITest" finished-at="2023-11-03T19:57:57Z" duration-ms="4121" status="PASS">
          <reporter-output>
          </reporter-output>
        </test-method> <!-- getUsersAPITest -->
        <test-method is-config="true" signature="teardown()[pri:0, instance:com.qa.api.tests.GETAPICall@d9345cd]" started-at="2023-11-03T19:57:57Z" name="teardown" finished-at="2023-11-03T19:57:57Z" duration-ms="50" status="PASS">
          <reporter-output>
          </reporter-output>
        </test-method> <!-- teardown -->
      </class> <!-- com.qa.api.tests.GETAPICall -->
    </test> <!-- Default test -->
  </suite> <!-- Default suite -->
</testng-results>
