<?xml version="1.0" encoding="UTF-8"?>
<!-- Generated by org.testng.reporters.JUnitXMLReporter -->
<testsuite ignored="0" hostname="BDC14-L-115FVZ6" failures="0" tests="5" name="UI test" time="82.645" errors="0" timestamp="2023-11-23T14:02:43 IST">
  <testcase classname="com.qa.testapp.tests.LoginPageTest" name="LoginPageTitleTest" time="0.022"/>
  <testcase classname="com.qa.testapp.tests.LoginPageTest" name="LoginPageUrlTest" time="0.004"/>
  <testcase classname="com.qa.testapp.tests.LoginPageTest" name="Login" time="6.27"/>
  <testcase classname="com.qa.testapp.tests.LoginPageTest" name="navigateToYourCartTest" time="6.218"/>
  <testcase classname="com.qa.testapp.tests.LoginPageTest" name="CheckOutInfoDetailsTest" time="8.205"/>
</testsuite> <!-- UI test -->
